#
# There is insufficient memory for the Java Runtime Environment to continue.
# Native memory allocation (mmap) failed to map 65536 bytes for Failed to commit metaspace.
# Possible reasons:
#   The system is out of physical RAM or swap space
#   The process is running with CompressedOops enabled, and the Java Heap may be blocking the growth of the native heap
# Possible solutions:
#   Reduce memory load on the system
#   Increase physical memory or swap space
#   Check if swap backing store is full
#   Decrease Java heap size (-Xmx/-Xms)
#   Decrease number of Java threads
#   Decrease Java thread stack sizes (-Xss)
#   Set larger code cache with -XX:ReservedCodeCacheSize=
#   JVM is running with Zero Based Compressed Oops mode in which the Java heap is
#     placed in the first 32GB address space. The Java Heap base address is the
#     maximum limit for the native heap growth. Please use -XX:HeapBaseMinAddress
#     to set the Java Heap base and to place the Java Heap above 32GB virtual address.
# This output file may be truncated or incomplete.
#
#  Out of Memory Error (virtualSpaceNode.cpp:110), pid=3352, tid=13216
#
# JRE version: Java(TM) SE Runtime Environment (18.0.2.1+1) (build 18.0.2.1+1-1)
# Java VM: Java HotSpot(TM) 64-Bit Server VM (18.0.2.1+1-1, mixed mode, sharing, tiered, compressed oops, compressed class ptrs, g1 gc, windows-amd64)
# No core dump will be written. Minidumps are not enabled by default on client versions of Windows
#

---------------  S U M M A R Y ------------

Command Line: -Dmaven.multiModuleProjectDirectory=D:\OPERAGX Downloads\Users_Realization -Djansi.passthrough=true -Dmaven.home=C:\Program Files\JetBrains\IntelliJ IDEA 2023.1.3\plugins\maven\lib\maven3 -Dclassworlds.conf=C:\Program Files\JetBrains\IntelliJ IDEA 2023.1.3\plugins\maven\lib\maven3\bin\m2.conf -Dmaven.ext.class.path=C:\Program Files\JetBrains\IntelliJ IDEA 2023.1.3\plugins\maven\lib\maven-event-listener.jar -javaagent:C:\Program Files\JetBrains\IntelliJ IDEA 2023.1.3\lib\idea_rt.jar=55579:C:\Program Files\JetBrains\IntelliJ IDEA 2023.1.3\bin -Dfile.encoding=UTF-8 -Dsun.stdout.encoding=UTF-8 -Dsun.stderr.encoding=UTF-8 org.codehaus.classworlds.Launcher -Didea.version=2023.1.3 clean package

Host: AMD Ryzen 5 4600H with Radeon Graphics         , 12 cores, 15G,  Windows 10 , 64 bit Build 19041 (10.0.19041.3393)
Time: Tue Oct  3 12:06:27 2023 Russia TZ 2 Standard Time elapsed time: 0.432230 seconds (0d 0h 0m 0s)

---------------  T H R E A D  ---------------

Current thread (0x0000011273e66fc0):  JavaThread "main" [_thread_in_vm, id=13216, stack(0x0000000906c00000,0x0000000906d00000)]

Stack: [0x0000000906c00000,0x0000000906d00000]
Native frames: (J=compiled Java code, j=interpreted, Vv=VM code, C=native code)
V  [jvm.dll+0x6993aa]
V  [jvm.dll+0x7f46dd]
V  [jvm.dll+0x7f5fee]
V  [jvm.dll+0x7f66a3]
V  [jvm.dll+0x25cf1f]
V  [jvm.dll+0x7f03eb]
V  [jvm.dll+0x63f526]
V  [jvm.dll+0x1d75ce]
V  [jvm.dll+0x641ecb]
V  [jvm.dll+0x641cce]
V  [jvm.dll+0x63feee]
V  [jvm.dll+0x38e1f2]
V  [jvm.dll+0x1fa60b]
V  [jvm.dll+0x55dc2e]
V  [jvm.dll+0x76eabd]
V  [jvm.dll+0x76ea1a]
V  [jvm.dll+0x42de11]
V  [jvm.dll+0x440a23]
C  [java.dll+0x1657]

Java frames: (J=compiled Java code, j=interpreted, Vv=VM code)
j  java.lang.ClassLoader.defineClass0(Ljava/lang/ClassLoader;Ljava/lang/Class;Ljava/lang/String;[BIILjava/security/ProtectionDomain;ZILjava/lang/Object;)Ljava/lang/Class;+0 java.base@18.0.2.1
j  java.lang.System$2.defineClass(Ljava/lang/ClassLoader;Ljava/lang/Class;Ljava/lang/String;[BLjava/security/ProtectionDomain;ZILjava/lang/Object;)Ljava/lang/Class;+17 java.base@18.0.2.1
j  java.lang.invoke.MethodHandles$Lookup$ClassDefiner.defineClass(ZLjava/lang/Object;)Ljava/lang/Class;+54 java.base@18.0.2.1
j  java.lang.invoke.InvokerBytecodeGenerator.loadMethod([B)Ljava/lang/invoke/MemberName;+19 java.base@18.0.2.1
j  java.lang.invoke.InvokerBytecodeGenerator.generateCustomizedCode(Ljava/lang/invoke/LambdaForm;Ljava/lang/invoke/MethodType;)Ljava/lang/invoke/MemberName;+30 java.base@18.0.2.1
j  java.lang.invoke.LambdaForm.compileToBytecode()V+69 java.base@18.0.2.1
j  java.lang.invoke.LambdaForm.prepare()V+21 java.base@18.0.2.1
j  java.lang.invoke.MethodHandle.<init>(Ljava/lang/invoke/MethodType;Ljava/lang/invoke/LambdaForm;)V+33 java.base@18.0.2.1
j  java.lang.invoke.BoundMethodHandle.<init>(Ljava/lang/invoke/MethodType;Ljava/lang/invoke/LambdaForm;)V+3 java.base@18.0.2.1
j  java.lang.invoke.BoundMethodHandle$Species_LL.<init>(Ljava/lang/invoke/MethodType;Ljava/lang/invoke/LambdaForm;Ljava/lang/Object;Ljava/lang/Object;)V+3 java.base@18.0.2.1
j  java.lang.invoke.BoundMethodHandle$Species_LL.make(Ljava/lang/invoke/MethodType;Ljava/lang/invoke/LambdaForm;Ljava/lang/Object;Ljava/lang/Object;)Ljava/lang/invoke/BoundMethodHandle;+8 java.base@18.0.2.1
j  java.lang.invoke.DirectMethodHandle$Holder.invokeStatic(Ljava/lang/Object;Ljava/lang/Object;Ljava/lang/Object;Ljava/lang/Object;Ljava/lang/Object;)Ljava/lang/Object;+16 java.base@18.0.2.1
j  java.lang.invoke.BoundMethodHandle$Species_L.copyWithExtendL(Ljava/lang/invoke/MethodType;Ljava/lang/invoke/LambdaForm;Ljava/lang/Object;)Ljava/lang/invoke/BoundMethodHandle;+19 java.base@18.0.2.1
j  java.lang.invoke.LambdaFormEditor.bindArgumentL(Ljava/lang/invoke/BoundMethodHandle;ILjava/lang/Object;)Ljava/lang/invoke/BoundMethodHandle;+55 java.base@18.0.2.1
j  java.lang.invoke.BoundMethodHandle.bindArgumentL(ILjava/lang/Object;)Ljava/lang/invoke/BoundMethodHandle;+7 java.base@18.0.2.1
j  java.lang.invoke.MethodHandles.insertArguments(Ljava/lang/invoke/MethodHandle;I[Ljava/lang/Object;)Ljava/lang/invoke/MethodHandle;+84 java.base@18.0.2.1
j  java.lang.invoke.StringConcatFactory.generateMHInlineCopy(Ljava/lang/invoke/MethodType;Ljava/util/List;)Ljava/lang/invoke/MethodHandle;+195 java.base@18.0.2.1
j  java.lang.invoke.StringConcatFactory.makeConcatWithConstants(Ljava/lang/invoke/MethodHandles$Lookup;Ljava/lang/String;Ljava/lang/invoke/MethodType;Ljava/lang/String;[Ljava/lang/Object;)Ljava/lang/invoke/CallSite;+220 java.base@18.0.2.1
j  java.lang.invoke.DirectMethodHandle$Holder.invokeStatic(Ljava/lang/Object;Ljava/lang/Object;Ljava/lang/Object;Ljava/lang/Object;Ljava/lang/Object;Ljava/lang/Object;)Ljava/lang/Object;+18 java.base@18.0.2.1
j  java.lang.invoke.DelegatingMethodHandle$Holder.delegate(Ljava/lang/Object;Ljava/lang/Object;Ljava/lang/Object;Ljava/lang/Object;Ljava/lang/Object;Ljava/lang/Object;)Ljava/lang/Object;+21 java.base@18.0.2.1
j  java.lang.invoke.Invokers$Holder.invokeExact_MT(Ljava/lang/Object;Ljava/lang/Object;Ljava/lang/Object;Ljava/lang/Object;Ljava/lang/Object;Ljava/lang/Object;Ljava/lang/Object;)Ljava/lang/Object;+26 java.base@18.0.2.1
j  java.lang.invoke.BootstrapMethodInvoker.invoke(Ljava/lang/Class;Ljava/lang/invoke/MethodHandle;Ljava/lang/String;Ljava/lang/Object;Ljava/lang/Object;Ljava/lang/Class;)Ljava/lang/Object;+157 java.base@18.0.2.1
j  java.lang.invoke.CallSite.makeSite(Ljava/lang/invoke/MethodHandle;Ljava/lang/String;Ljava/lang/invoke/MethodType;Ljava/lang/Object;Ljava/lang/Class;)Ljava/lang/invoke/CallSite;+8 java.base@18.0.2.1
j  java.lang.invoke.MethodHandleNatives.linkCallSiteImpl(Ljava/lang/Class;Ljava/lang/invoke/MethodHandle;Ljava/lang/String;Ljava/lang/invoke/MethodType;Ljava/lang/Object;[Ljava/lang/Object;)Ljava/lang/invoke/MemberName;+6 java.base@18.0.2.1
j  java.lang.invoke.MethodHandleNatives.linkCallSite(Ljava/lang/Object;Ljava/lang/Object;Ljava/lang/Object;Ljava/lang/Object;Ljava/lang/Object;[Ljava/lang/Object;)Ljava/lang/invoke/MemberName;+45 java.base@18.0.2.1
v  ~StubRoutines::call_stub
j  java.util.logging.LogManager$LoggerContext.addLocalLogger(Ljava/util/logging/Logger;Z)Z+95 java.logging@18.0.2.1
j  java.util.logging.LogManager$LoggerContext.ensureDefaultLogger(Ljava/util/logging/Logger;)V+66 java.logging@18.0.2.1
j  java.util.logging.LogManager$LoggerContext.ensureInitialized()V+12 java.logging@18.0.2.1
j  java.util.logging.LogManager$LoggerContext.getLoggerNames()Ljava/util/Enumeration;+1 java.logging@18.0.2.1
j  java.util.logging.LogManager.resetLoggerContext(Ljava/util/logging/LogManager$LoggerContext;)V+1 java.logging@18.0.2.1
j  java.util.logging.LogManager.reset()V+93 java.logging@18.0.2.1
j  java.util.logging.LogManager.readConfiguration(Ljava/io/InputStream;)V+33 java.logging@18.0.2.1
j  java.util.logging.LogManager.readConfiguration()V+100 java.logging@18.0.2.1
j  java.util.logging.LogManager.readPrimordialConfiguration()V+20 java.logging@18.0.2.1
j  java.util.logging.LogManager$2.run()Ljava/lang/Object;+87 java.logging@18.0.2.1
j  java.security.AccessController.executePrivileged(Ljava/security/PrivilegedAction;Ljava/security/AccessControlContext;Ljava/lang/Class;)Ljava/lang/Object;+29 java.base@18.0.2.1
j  java.security.AccessController.doPrivileged(Ljava/security/PrivilegedAction;)Ljava/lang/Object;+5 java.base@18.0.2.1
j  java.util.logging.LogManager.ensureLogManagerInitialized()V+101 java.logging@18.0.2.1
j  java.util.logging.LogManager.getLogManager()Ljava/util/logging/LogManager;+9 java.logging@18.0.2.1
j  java.util.logging.Logger.demandLogger(Ljava/lang/String;Ljava/lang/String;Ljava/lang/Class;)Ljava/util/logging/Logger;+0 java.logging@18.0.2.1
j  java.util.logging.Logger.getLogger(Ljava/lang/String;Ljava/lang/Class;)Ljava/util/logging/Logger;+3 java.logging@18.0.2.1
j  java.util.logging.Logger.getLogger(Ljava/lang/String;)Ljava/util/logging/Logger;+4 java.logging@18.0.2.1
j  com.google.inject.internal.util.Stopwatch.<clinit>()V+5
v  ~StubRoutines::call_stub
j  com.google.inject.internal.InternalInjectorCreator.<init>()V+5
j  com.google.inject.Guice.createInjector(Lcom/google/inject/Stage;Ljava/lang/Iterable;)Lcom/google/inject/Injector;+4
j  com.google.inject.Guice.createInjector(Ljava/lang/Iterable;)Lcom/google/inject/Injector;+4
j  com.google.inject.Guice.createInjector([Lcom/google/inject/Module;)Lcom/google/inject/Injector;+4
j  org.codehaus.plexus.DefaultPlexusContainer.addPlexusInjector(Ljava/util/List;[Lcom/google/inject/Module;)Lcom/google/inject/Injector;+88
j  org.codehaus.plexus.DefaultPlexusContainer.<init>(Lorg/codehaus/plexus/ContainerConfiguration;[Lcom/google/inject/Module;)V+396
j  org.apache.maven.cli.MavenCli.container(Lorg/apache/maven/cli/CliRequest;)Lorg/codehaus/plexus/PlexusContainer;+275
j  org.apache.maven.cli.MavenCli.doMain(Lorg/apache/maven/cli/CliRequest;)I+29
j  org.apache.maven.cli.MavenCli.main([Ljava/lang/String;Lorg/codehaus/plexus/classworlds/ClassWorld;)I+24
j  java.lang.invoke.DirectMethodHandle$Holder.invokeStatic(Ljava/lang/Object;Ljava/lang/Object;Ljava/lang/Object;)I+11 java.base@18.0.2.1
j  java.lang.invoke.LambdaForm$MH+0x0000000800c0b000.invoke(Ljava/lang/Object;Ljava/lang/Object;Ljava/lang/Object;Ljava/lang/Object;)Ljava/lang/Object;+54 java.base@18.0.2.1
j  java.lang.invoke.LambdaForm$MH+0x0000000800c02800.invokeExact_MT(Ljava/lang/Object;Ljava/lang/Object;Ljava/lang/Object;Ljava/lang/Object;Ljava/lang/Object;)Ljava/lang/Object;+22 java.base@18.0.2.1
j  jdk.internal.reflect.DirectMethodHandleAccessor.invokeImpl(Ljava/lang/Object;[Ljava/lang/Object;)Ljava/lang/Object;+72 java.base@18.0.2.1
j  jdk.internal.reflect.DirectMethodHandleAccessor.invoke(Ljava/lang/Object;[Ljava/lang/Object;)Ljava/lang/Object;+23 java.base@18.0.2.1
j  java.lang.reflect.Method.invoke(Ljava/lang/Object;[Ljava/lang/Object;)Ljava/lang/Object;+102 java.base@18.0.2.1
j  org.codehaus.plexus.classworlds.launcher.Launcher.launchEnhanced([Ljava/lang/String;)V+45
j  org.codehaus.plexus.classworlds.launcher.Launcher.launch([Ljava/lang/String;)V+2
j  org.codehaus.plexus.classworlds.launcher.Launcher.mainWithExitCode([Ljava/lang/String;)I+101
j  org.codehaus.plexus.classworlds.launcher.Launcher.main([Ljava/lang/String;)V+1
j  org.codehaus.classworlds.Launcher.main([Ljava/lang/String;)V+1
v  ~StubRoutines::call_stub

---------------  P R O C E S S  ---------------

Threads class SMR info:
_java_thread_list=0x000001121b156bf0, length=13, elements={
0x0000011273e66fc0, 0x0000011216c5e880, 0x0000011216c5f3f0, 0x0000011216c73690,
0x0000011216c73f40, 0x0000011216c747f0, 0x0000011216c750a0, 0x0000011216c7ec00,
0x0000011216c82550, 0x0000011216c86950, 0x0000011216c46790, 0x000001121b156f10,
0x000001121b1593e0
}

Java Threads: ( => current thread )
=>0x0000011273e66fc0 JavaThread "main" [_thread_in_vm, id=13216, stack(0x0000000906c00000,0x0000000906d00000)]
  0x0000011216c5e880 JavaThread "Reference Handler" daemon [_thread_blocked, id=5980, stack(0x0000000907300000,0x0000000907400000)]
  0x0000011216c5f3f0 JavaThread "Finalizer" daemon [_thread_blocked, id=12780, stack(0x0000000907400000,0x0000000907500000)]
  0x0000011216c73690 JavaThread "Signal Dispatcher" daemon [_thread_blocked, id=17016, stack(0x0000000907500000,0x0000000907600000)]
  0x0000011216c73f40 JavaThread "Attach Listener" daemon [_thread_blocked, id=8892, stack(0x0000000907600000,0x0000000907700000)]
  0x0000011216c747f0 JavaThread "Service Thread" daemon [_thread_blocked, id=13044, stack(0x0000000907700000,0x0000000907800000)]
  0x0000011216c750a0 JavaThread "Monitor Deflation Thread" daemon [_thread_blocked, id=18904, stack(0x0000000907800000,0x0000000907900000)]
  0x0000011216c7ec00 JavaThread "C2 CompilerThread0" daemon [_thread_blocked, id=19032, stack(0x0000000907900000,0x0000000907a00000)]
  0x0000011216c82550 JavaThread "C1 CompilerThread0" daemon [_thread_blocked, id=6756, stack(0x0000000907a00000,0x0000000907b00000)]
  0x0000011216c86950 JavaThread "Sweeper thread" daemon [_thread_blocked, id=2136, stack(0x0000000907b00000,0x0000000907c00000)]
  0x0000011216c46790 JavaThread "Common-Cleaner" daemon [_thread_blocked, id=14864, stack(0x0000000907c00000,0x0000000907d00000)]
  0x000001121b156f10 JavaThread "Monitor Ctrl-Break" daemon [_thread_in_native, id=10988, stack(0x0000000907d00000,0x0000000907e00000)]
  0x000001121b1593e0 JavaThread "Notification Thread" daemon [_thread_blocked, id=20436, stack(0x0000000907e00000,0x0000000907f00000)]

Other Threads:
  0x0000011273ef3f10 VMThread "VM Thread" [stack: 0x0000000907200000,0x0000000907300000] [id=13512]
  0x000001121b15b1d0 WatcherThread "VM Periodic Task Thread" [stack: 0x0000000907f00000,0x0000000908000000] [id=18740]
  0x0000011273ed6310 WorkerThread "GC Thread#0" [stack: 0x0000000906d00000,0x0000000906e00000] [id=17380]
  0x0000011273ee6840 ConcurrentGCThread "G1 Main Marker" [stack: 0x0000000906e00000,0x0000000906f00000] [id=19180]
  0x0000011273ee7230 WorkerThread "G1 Conc#0" [stack: 0x0000000906f00000,0x0000000907000000] [id=2840]
  0x0000011273f2e6d0 ConcurrentGCThread "G1 Refine#0" [stack: 0x0000000907000000,0x0000000907100000] [id=19688]
  0x0000011216b15120 ConcurrentGCThread "G1 Service" [stack: 0x0000000907100000,0x0000000907200000] [id=7604]

Threads with active compile tasks:

VM state: not at safepoint (normal execution)

VM Mutex/Monitor currently owned by a thread:  ([mutex/lock_event])
[0x0000011273e4e9b0] Metaspace_lock - owner thread: 0x0000011273e66fc0

Heap address: 0x000000070a000000, size: 3936 MB, Compressed Oops mode: Zero based, Oop shift amount: 3

CDS archive(s) mapped at: [0x0000000800000000-0x0000000800ba0000-0x0000000800ba0000), size 12189696, SharedBaseAddress: 0x0000000800000000, ArchiveRelocationMode: 0.
Compressed class space mapped at: 0x0000000800c00000-0x0000000840c00000, reserved size: 1073741824
Narrow klass base: 0x0000000800000000, Narrow klass shift: 0, Narrow klass range: 0x100000000

GC Precious Log:
 CardTable entry size: 512
 Card Set container configuration: InlinePtr #cards 4 size 8 Array Of Cards #cards 16 size 48 Howl #buckets 8 coarsen threshold 3686 Howl Bitmap #cards 512 size 80 coarsen threshold 460 Card regions per heap region 1 cards per card region 4096
 CPUs: 12 total, 12 available
 Memory: 15741M
 Large Page Support: Disabled
 NUMA Support: Disabled
 Compressed Oops: Enabled (Zero based)
 Heap Region Size: 2M
 Heap Min Capacity: 8M
 Heap Initial Capacity: 246M
 Heap Max Capacity: 3936M
 Pre-touch: Disabled
 Parallel Workers: 10
 Concurrent Workers: 3
 Concurrent Refinement Workers: 10
 Periodic GC: Disabled

Heap:
 garbage-first heap   total 251904K, used 10240K [0x000000070a000000, 0x0000000800000000)
  region size 2048K, 6 young (12288K), 0 survivors (0K)
 Metaspace       used 3549K, committed 3712K, reserved 1114112K
  class space    used 349K, committed 384K, reserved 1048576K

Heap Regions: E=young(eden), S=young(survivor), O=old, HS=humongous(starts), HC=humongous(continues), CS=collection set, F=free, OA=open archive, CA=closed archive, TAMS=top-at-mark-start (previous, next)
|   0|0x000000070a000000, 0x000000070a000000, 0x000000070a200000|  0%| F|  |TAMS 0x000000070a000000, 0x000000070a000000| Untracked 
|   1|0x000000070a200000, 0x000000070a200000, 0x000000070a400000|  0%| F|  |TAMS 0x000000070a200000, 0x000000070a200000| Untracked 
|   2|0x000000070a400000, 0x000000070a400000, 0x000000070a600000|  0%| F|  |TAMS 0x000000070a400000, 0x000000070a400000| Untracked 
|   3|0x000000070a600000, 0x000000070a600000, 0x000000070a800000|  0%| F|  |TAMS 0x000000070a600000, 0x000000070a600000| Untracked 
|   4|0x000000070a800000, 0x000000070a800000, 0x000000070aa00000|  0%| F|  |TAMS 0x000000070a800000, 0x000000070a800000| Untracked 
|   5|0x000000070aa00000, 0x000000070aa00000, 0x000000070ac00000|  0%| F|  |TAMS 0x000000070aa00000, 0x000000070aa00000| Untracked 
|   6|0x000000070ac00000, 0x000000070ac00000, 0x000000070ae00000|  0%| F|  |TAMS 0x000000070ac00000, 0x000000070ac00000| Untracked 
|   7|0x000000070ae00000, 0x000000070ae00000, 0x000000070b000000|  0%| F|  |TAMS 0x000000070ae00000, 0x000000070ae00000| Untracked 
|   8|0x000000070b000000, 0x000000070b000000, 0x000000070b200000|  0%| F|  |TAMS 0x000000070b000000, 0x000000070b000000| Untracked 
|   9|0x000000070b200000, 0x000000070b200000, 0x000000070b400000|  0%| F|  |TAMS 0x000000070b200000, 0x000000070b200000| Untracked 
|  10|0x000000070b400000, 0x000000070b400000, 0x000000070b600000|  0%| F|  |TAMS 0x000000070b400000, 0x000000070b400000| Untracked 
|  11|0x000000070b600000, 0x000000070b600000, 0x000000070b800000|  0%| F|  |TAMS 0x000000070b600000, 0x000000070b600000| Untracked 
|  12|0x000000070b800000, 0x000000070b800000, 0x000000070ba00000|  0%| F|  |TAMS 0x000000070b800000, 0x000000070b800000| Untracked 
|  13|0x000000070ba00000, 0x000000070ba00000, 0x000000070bc00000|  0%| F|  |TAMS 0x000000070ba00000, 0x000000070ba00000| Untracked 
|  14|0x000000070bc00000, 0x000000070bc00000, 0x000000070be00000|  0%| F|  |TAMS 0x000000070bc00000, 0x000000070bc00000| Untracked 
|  15|0x000000070be00000, 0x000000070be00000, 0x000000070c000000|  0%| F|  |TAMS 0x000000070be00000, 0x000000070be00000| Untracked 
|  16|0x000000070c000000, 0x000000070c000000, 0x000000070c200000|  0%| F|  |TAMS 0x000000070c000000, 0x000000070c000000| Untracked 
|  17|0x000000070c200000, 0x000000070c200000, 0x000000070c400000|  0%| F|  |TAMS 0x000000070c200000, 0x000000070c200000| Untracked 
|  18|0x000000070c400000, 0x000000070c400000, 0x000000070c600000|  0%| F|  |TAMS 0x000000070c400000, 0x000000070c400000| Untracked 
|  19|0x000000070c600000, 0x000000070c600000, 0x000000070c800000|  0%| F|  |TAMS 0x000000070c600000, 0x000000070c600000| Untracked 
|  20|0x000000070c800000, 0x000000070c800000, 0x000000070ca00000|  0%| F|  |TAMS 0x000000070c800000, 0x000000070c800000| Untracked 
|  21|0x000000070ca00000, 0x000000070ca00000, 0x000000070cc00000|  0%| F|  |TAMS 0x000000070ca00000, 0x000000070ca00000| Untracked 
|  22|0x000000070cc00000, 0x000000070cc00000, 0x000000070ce00000|  0%| F|  |TAMS 0x000000070cc00000, 0x000000070cc00000| Untracked 
|  23|0x000000070ce00000, 0x000000070ce00000, 0x000000070d000000|  0%| F|  |TAMS 0x000000070ce00000, 0x000000070ce00000| Untracked 
|  24|0x000000070d000000, 0x000000070d000000, 0x000000070d200000|  0%| F|  |TAMS 0x000000070d000000, 0x000000070d000000| Untracked 
|  25|0x000000070d200000, 0x000000070d200000, 0x000000070d400000|  0%| F|  |TAMS 0x000000070d200000, 0x000000070d200000| Untracked 
|  26|0x000000070d400000, 0x000000070d400000, 0x000000070d600000|  0%| F|  |TAMS 0x000000070d400000, 0x000000070d400000| Untracked 
|  27|0x000000070d600000, 0x000000070d600000, 0x000000070d800000|  0%| F|  |TAMS 0x000000070d600000, 0x000000070d600000| Untracked 
|  28|0x000000070d800000, 0x000000070d800000, 0x000000070da00000|  0%| F|  |TAMS 0x000000070d800000, 0x000000070d800000| Untracked 
|  29|0x000000070da00000, 0x000000070da00000, 0x000000070dc00000|  0%| F|  |TAMS 0x000000070da00000, 0x000000070da00000| Untracked 
|  30|0x000000070dc00000, 0x000000070dc00000, 0x000000070de00000|  0%| F|  |TAMS 0x000000070dc00000, 0x000000070dc00000| Untracked 
|  31|0x000000070de00000, 0x000000070de00000, 0x000000070e000000|  0%| F|  |TAMS 0x000000070de00000, 0x000000070de00000| Untracked 
|  32|0x000000070e000000, 0x000000070e000000, 0x000000070e200000|  0%| F|  |TAMS 0x000000070e000000, 0x000000070e000000| Untracked 
|  33|0x000000070e200000, 0x000000070e200000, 0x000000070e400000|  0%| F|  |TAMS 0x000000070e200000, 0x000000070e200000| Untracked 
|  34|0x000000070e400000, 0x000000070e400000, 0x000000070e600000|  0%| F|  |TAMS 0x000000070e400000, 0x000000070e400000| Untracked 
|  35|0x000000070e600000, 0x000000070e600000, 0x000000070e800000|  0%| F|  |TAMS 0x000000070e600000, 0x000000070e600000| Untracked 
|  36|0x000000070e800000, 0x000000070e800000, 0x000000070ea00000|  0%| F|  |TAMS 0x000000070e800000, 0x000000070e800000| Untracked 
|  37|0x000000070ea00000, 0x000000070ea00000, 0x000000070ec00000|  0%| F|  |TAMS 0x000000070ea00000, 0x000000070ea00000| Untracked 
|  38|0x000000070ec00000, 0x000000070ec00000, 0x000000070ee00000|  0%| F|  |TAMS 0x000000070ec00000, 0x000000070ec00000| Untracked 
|  39|0x000000070ee00000, 0x000000070ee00000, 0x000000070f000000|  0%| F|  |TAMS 0x000000070ee00000, 0x000000070ee00000| Untracked 
|  40|0x000000070f000000, 0x000000070f000000, 0x000000070f200000|  0%| F|  |TAMS 0x000000070f000000, 0x000000070f000000| Untracked 
|  41|0x000000070f200000, 0x000000070f200000, 0x000000070f400000|  0%| F|  |TAMS 0x000000070f200000, 0x000000070f200000| Untracked 
|  42|0x000000070f400000, 0x000000070f400000, 0x000000070f600000|  0%| F|  |TAMS 0x000000070f400000, 0x000000070f400000| Untracked 
|  43|0x000000070f600000, 0x000000070f600000, 0x000000070f800000|  0%| F|  |TAMS 0x000000070f600000, 0x000000070f600000| Untracked 
|  44|0x000000070f800000, 0x000000070f800000, 0x000000070fa00000|  0%| F|  |TAMS 0x000000070f800000, 0x000000070f800000| Untracked 
|  45|0x000000070fa00000, 0x000000070fa00000, 0x000000070fc00000|  0%| F|  |TAMS 0x000000070fa00000, 0x000000070fa00000| Untracked 
|  46|0x000000070fc00000, 0x000000070fc00000, 0x000000070fe00000|  0%| F|  |TAMS 0x000000070fc00000, 0x000000070fc00000| Untracked 
|  47|0x000000070fe00000, 0x000000070fe00000, 0x0000000710000000|  0%| F|  |TAMS 0x000000070fe00000, 0x000000070fe00000| Untracked 
|  48|0x0000000710000000, 0x0000000710000000, 0x0000000710200000|  0%| F|  |TAMS 0x0000000710000000, 0x0000000710000000| Untracked 
|  49|0x0000000710200000, 0x0000000710200000, 0x0000000710400000|  0%| F|  |TAMS 0x0000000710200000, 0x0000000710200000| Untracked 
|  50|0x0000000710400000, 0x0000000710400000, 0x0000000710600000|  0%| F|  |TAMS 0x0000000710400000, 0x0000000710400000| Untracked 
|  51|0x0000000710600000, 0x0000000710600000, 0x0000000710800000|  0%| F|  |TAMS 0x0000000710600000, 0x0000000710600000| Untracked 
|  52|0x0000000710800000, 0x0000000710800000, 0x0000000710a00000|  0%| F|  |TAMS 0x0000000710800000, 0x0000000710800000| Untracked 
|  53|0x0000000710a00000, 0x0000000710a00000, 0x0000000710c00000|  0%| F|  |TAMS 0x0000000710a00000, 0x0000000710a00000| Untracked 
|  54|0x0000000710c00000, 0x0000000710c00000, 0x0000000710e00000|  0%| F|  |TAMS 0x0000000710c00000, 0x0000000710c00000| Untracked 
|  55|0x0000000710e00000, 0x0000000710e00000, 0x0000000711000000|  0%| F|  |TAMS 0x0000000710e00000, 0x0000000710e00000| Untracked 
|  56|0x0000000711000000, 0x0000000711000000, 0x0000000711200000|  0%| F|  |TAMS 0x0000000711000000, 0x0000000711000000| Untracked 
|  57|0x0000000711200000, 0x0000000711200000, 0x0000000711400000|  0%| F|  |TAMS 0x0000000711200000, 0x0000000711200000| Untracked 
|  58|0x0000000711400000, 0x0000000711400000, 0x0000000711600000|  0%| F|  |TAMS 0x0000000711400000, 0x0000000711400000| Untracked 
|  59|0x0000000711600000, 0x0000000711600000, 0x0000000711800000|  0%| F|  |TAMS 0x0000000711600000, 0x0000000711600000| Untracked 
|  60|0x0000000711800000, 0x0000000711800000, 0x0000000711a00000|  0%| F|  |TAMS 0x0000000711800000, 0x0000000711800000| Untracked 
|  61|0x0000000711a00000, 0x0000000711a00000, 0x0000000711c00000|  0%| F|  |TAMS 0x0000000711a00000, 0x0000000711a00000| Untracked 
|  62|0x0000000711c00000, 0x0000000711c00000, 0x0000000711e00000|  0%| F|  |TAMS 0x0000000711c00000, 0x0000000711c00000| Untracked 
|  63|0x0000000711e00000, 0x0000000711e00000, 0x0000000712000000|  0%| F|  |TAMS 0x0000000711e00000, 0x0000000711e00000| Untracked 
|  64|0x0000000712000000, 0x0000000712000000, 0x0000000712200000|  0%| F|  |TAMS 0x0000000712000000, 0x0000000712000000| Untracked 
|  65|0x0000000712200000, 0x0000000712200000, 0x0000000712400000|  0%| F|  |TAMS 0x0000000712200000, 0x0000000712200000| Untracked 
|  66|0x0000000712400000, 0x0000000712400000, 0x0000000712600000|  0%| F|  |TAMS 0x0000000712400000, 0x0000000712400000| Untracked 
|  67|0x0000000712600000, 0x0000000712600000, 0x0000000712800000|  0%| F|  |TAMS 0x0000000712600000, 0x0000000712600000| Untracked 
|  68|0x0000000712800000, 0x0000000712800000, 0x0000000712a00000|  0%| F|  |TAMS 0x0000000712800000, 0x0000000712800000| Untracked 
|  69|0x0000000712a00000, 0x0000000712a00000, 0x0000000712c00000|  0%| F|  |TAMS 0x0000000712a00000, 0x0000000712a00000| Untracked 
|  70|0x0000000712c00000, 0x0000000712c00000, 0x0000000712e00000|  0%| F|  |TAMS 0x0000000712c00000, 0x0000000712c00000| Untracked 
|  71|0x0000000712e00000, 0x0000000712e00000, 0x0000000713000000|  0%| F|  |TAMS 0x0000000712e00000, 0x0000000712e00000| Untracked 
|  72|0x0000000713000000, 0x0000000713000000, 0x0000000713200000|  0%| F|  |TAMS 0x0000000713000000, 0x0000000713000000| Untracked 
|  73|0x0000000713200000, 0x0000000713200000, 0x0000000713400000|  0%| F|  |TAMS 0x0000000713200000, 0x0000000713200000| Untracked 
|  74|0x0000000713400000, 0x0000000713400000, 0x0000000713600000|  0%| F|  |TAMS 0x0000000713400000, 0x0000000713400000| Untracked 
|  75|0x0000000713600000, 0x0000000713600000, 0x0000000713800000|  0%| F|  |TAMS 0x0000000713600000, 0x0000000713600000| Untracked 
|  76|0x0000000713800000, 0x0000000713800000, 0x0000000713a00000|  0%| F|  |TAMS 0x0000000713800000, 0x0000000713800000| Untracked 
|  77|0x0000000713a00000, 0x0000000713a00000, 0x0000000713c00000|  0%| F|  |TAMS 0x0000000713a00000, 0x0000000713a00000| Untracked 
|  78|0x0000000713c00000, 0x0000000713c00000, 0x0000000713e00000|  0%| F|  |TAMS 0x0000000713c00000, 0x0000000713c00000| Untracked 
|  79|0x0000000713e00000, 0x0000000713e00000, 0x0000000714000000|  0%| F|  |TAMS 0x0000000713e00000, 0x0000000713e00000| Untracked 
|  80|0x0000000714000000, 0x0000000714000000, 0x0000000714200000|  0%| F|  |TAMS 0x0000000714000000, 0x0000000714000000| Untracked 
|  81|0x0000000714200000, 0x0000000714200000, 0x0000000714400000|  0%| F|  |TAMS 0x0000000714200000, 0x0000000714200000| Untracked 
|  82|0x0000000714400000, 0x0000000714400000, 0x0000000714600000|  0%| F|  |TAMS 0x0000000714400000, 0x0000000714400000| Untracked 
|  83|0x0000000714600000, 0x0000000714600000, 0x0000000714800000|  0%| F|  |TAMS 0x0000000714600000, 0x0000000714600000| Untracked 
|  84|0x0000000714800000, 0x0000000714800000, 0x0000000714a00000|  0%| F|  |TAMS 0x0000000714800000, 0x0000000714800000| Untracked 
|  85|0x0000000714a00000, 0x0000000714a00000, 0x0000000714c00000|  0%| F|  |TAMS 0x0000000714a00000, 0x0000000714a00000| Untracked 
|  86|0x0000000714c00000, 0x0000000714c00000, 0x0000000714e00000|  0%| F|  |TAMS 0x0000000714c00000, 0x0000000714c00000| Untracked 
|  87|0x0000000714e00000, 0x0000000714e00000, 0x0000000715000000|  0%| F|  |TAMS 0x0000000714e00000, 0x0000000714e00000| Untracked 
|  88|0x0000000715000000, 0x0000000715000000, 0x0000000715200000|  0%| F|  |TAMS 0x0000000715000000, 0x0000000715000000| Untracked 
|  89|0x0000000715200000, 0x0000000715200000, 0x0000000715400000|  0%| F|  |TAMS 0x0000000715200000, 0x0000000715200000| Untracked 
|  90|0x0000000715400000, 0x0000000715400000, 0x0000000715600000|  0%| F|  |TAMS 0x0000000715400000, 0x0000000715400000| Untracked 
|  91|0x0000000715600000, 0x0000000715600000, 0x0000000715800000|  0%| F|  |TAMS 0x0000000715600000, 0x0000000715600000| Untracked 
|  92|0x0000000715800000, 0x0000000715800000, 0x0000000715a00000|  0%| F|  |TAMS 0x0000000715800000, 0x0000000715800000| Untracked 
|  93|0x0000000715a00000, 0x0000000715a00000, 0x0000000715c00000|  0%| F|  |TAMS 0x0000000715a00000, 0x0000000715a00000| Untracked 
|  94|0x0000000715c00000, 0x0000000715c00000, 0x0000000715e00000|  0%| F|  |TAMS 0x0000000715c00000, 0x0000000715c00000| Untracked 
|  95|0x0000000715e00000, 0x0000000715e00000, 0x0000000716000000|  0%| F|  |TAMS 0x0000000715e00000, 0x0000000715e00000| Untracked 
|  96|0x0000000716000000, 0x0000000716000000, 0x0000000716200000|  0%| F|  |TAMS 0x0000000716000000, 0x0000000716000000| Untracked 
|  97|0x0000000716200000, 0x0000000716200000, 0x0000000716400000|  0%| F|  |TAMS 0x0000000716200000, 0x0000000716200000| Untracked 
|  98|0x0000000716400000, 0x0000000716400000, 0x0000000716600000|  0%| F|  |TAMS 0x0000000716400000, 0x0000000716400000| Untracked 
|  99|0x0000000716600000, 0x0000000716600000, 0x0000000716800000|  0%| F|  |TAMS 0x0000000716600000, 0x0000000716600000| Untracked 
| 100|0x0000000716800000, 0x0000000716800000, 0x0000000716a00000|  0%| F|  |TAMS 0x0000000716800000, 0x0000000716800000| Untracked 
| 101|0x0000000716a00000, 0x0000000716a00000, 0x0000000716c00000|  0%| F|  |TAMS 0x0000000716a00000, 0x0000000716a00000| Untracked 
| 102|0x0000000716c00000, 0x0000000716c00000, 0x0000000716e00000|  0%| F|  |TAMS 0x0000000716c00000, 0x0000000716c00000| Untracked 
| 103|0x0000000716e00000, 0x0000000716e00000, 0x0000000717000000|  0%| F|  |TAMS 0x0000000716e00000, 0x0000000716e00000| Untracked 
| 104|0x0000000717000000, 0x0000000717000000, 0x0000000717200000|  0%| F|  |TAMS 0x0000000717000000, 0x0000000717000000| Untracked 
| 105|0x0000000717200000, 0x0000000717200000, 0x0000000717400000|  0%| F|  |TAMS 0x0000000717200000, 0x0000000717200000| Untracked 
| 106|0x0000000717400000, 0x0000000717400000, 0x0000000717600000|  0%| F|  |TAMS 0x0000000717400000, 0x0000000717400000| Untracked 
| 107|0x0000000717600000, 0x0000000717600000, 0x0000000717800000|  0%| F|  |TAMS 0x0000000717600000, 0x0000000717600000| Untracked 
| 108|0x0000000717800000, 0x0000000717800000, 0x0000000717a00000|  0%| F|  |TAMS 0x0000000717800000, 0x0000000717800000| Untracked 
| 109|0x0000000717a00000, 0x0000000717a00000, 0x0000000717c00000|  0%| F|  |TAMS 0x0000000717a00000, 0x0000000717a00000| Untracked 
| 110|0x0000000717c00000, 0x0000000717c00000, 0x0000000717e00000|  0%| F|  |TAMS 0x0000000717c00000, 0x0000000717c00000| Untracked 
| 111|0x0000000717e00000, 0x0000000717e00000, 0x0000000718000000|  0%| F|  |TAMS 0x0000000717e00000, 0x0000000717e00000| Untracked 
| 112|0x0000000718000000, 0x0000000718000000, 0x0000000718200000|  0%| F|  |TAMS 0x0000000718000000, 0x0000000718000000| Untracked 
| 113|0x0000000718200000, 0x0000000718200000, 0x0000000718400000|  0%| F|  |TAMS 0x0000000718200000, 0x0000000718200000| Untracked 
| 114|0x0000000718400000, 0x0000000718400000, 0x0000000718600000|  0%| F|  |TAMS 0x0000000718400000, 0x0000000718400000| Untracked 
| 115|0x0000000718600000, 0x0000000718600000, 0x0000000718800000|  0%| F|  |TAMS 0x0000000718600000, 0x0000000718600000| Untracked 
| 116|0x0000000718800000, 0x0000000718800000, 0x0000000718a00000|  0%| F|  |TAMS 0x0000000718800000, 0x0000000718800000| Untracked 
| 117|0x0000000718a00000, 0x0000000718bc6ee8, 0x0000000718c00000| 88%| E|  |TAMS 0x0000000718a00000, 0x0000000718a00000| Complete 
| 118|0x0000000718c00000, 0x0000000718e00000, 0x0000000718e00000|100%| E|CS|TAMS 0x0000000718c00000, 0x0000000718c00000| Complete 
| 119|0x0000000718e00000, 0x0000000719000000, 0x0000000719000000|100%| E|CS|TAMS 0x0000000718e00000, 0x0000000718e00000| Complete 
| 120|0x0000000719000000, 0x0000000719200000, 0x0000000719200000|100%| E|CS|TAMS 0x0000000719000000, 0x0000000719000000| Complete 
| 121|0x0000000719200000, 0x0000000719400000, 0x0000000719400000|100%| E|CS|TAMS 0x0000000719200000, 0x0000000719200000| Complete 
| 122|0x0000000719400000, 0x0000000719600000, 0x0000000719600000|100%| E|CS|TAMS 0x0000000719400000, 0x0000000719400000| Complete 

Card table byte_map: [0x000001127c4b0000,0x000001127cc60000] _byte_map_base: 0x0000011278c60000

Marking Bits (Prev, Next): (CMBitMap*) 0x0000011273ed6910, (CMBitMap*) 0x0000011273ed6950
 Prev Bits: [0x000001120f000000, 0x0000011212d80000)
 Next Bits: [0x0000011212d80000, 0x0000011216b00000)

Polling page: 0x0000011273630000

Metaspace:

Usage:
  Non-class:      3.12 MB used.
      Class:    349.99 KB used.
       Both:      3.47 MB used.

Virtual space:
  Non-class space:       64.00 MB reserved,       3.25 MB (  5%) committed,  1 nodes.
      Class space:        1.00 GB reserved,     384.00 KB ( <1%) committed,  1 nodes.
             Both:        1.06 GB reserved,       3.62 MB ( <1%) committed. 

Chunk freelists:
   Non-Class:  2.80 MB
       Class:  3.56 MB
        Both:  6.36 MB

MaxMetaspaceSize: unlimited
CompressedClassSpaceSize: 1.00 GB
Initial GC threshold: 21.00 MB
Current GC threshold: 21.00 MB
CDS: on
MetaspaceReclaimPolicy: balanced
 - commit_granule_bytes: 65536.
 - commit_granule_words: 8192.
 - virtual_space_node_default_size: 8388608.
 - enlarge_chunks_in_place: 1.
 - new_chunks_are_fully_committed: 0.
 - uncommit_free_chunks: 1.
 - use_allocation_guard: 0.


Internal statistics:

num_allocs_failed_limit: 0.
num_arena_births: 50.
num_arena_deaths: 0.
num_vsnodes_births: 2.
num_vsnodes_deaths: 0.
num_space_committed: 58.
num_space_uncommitted: 0.
num_chunks_returned_to_freelist: 0.
num_chunks_taken_from_freelist: 115.
num_chunk_merges: 0.
num_chunk_splits: 76.
num_chunks_enlarged: 57.
num_inconsistent_stats: 0.

CodeHeap 'non-profiled nmethods': size=120000Kb used=258Kb max_used=258Kb free=119741Kb
 bounds [0x0000011207ad0000, 0x0000011207d40000, 0x000001120f000000]
CodeHeap 'profiled nmethods': size=120000Kb used=1536Kb max_used=1536Kb free=118463Kb
 bounds [0x00000112005a0000, 0x0000011200810000, 0x0000011207ad0000]
CodeHeap 'non-nmethods': size=5760Kb used=1154Kb max_used=1172Kb free=4605Kb
 bounds [0x0000011200000000, 0x0000011200270000, 0x00000112005a0000]
 total_blobs=1278 nmethods=844 adapters=347
 compilation: enabled
              stopped_count=0, restarted_count=0
 full_count=0

Compilation events (20 events):
Event: 0.416 Thread 0x0000011216c82550  831   !   3       java.util.zip.Inflater::needsInput (55 bytes)
Event: 0.416 Thread 0x0000011216c82550 nmethod 831 0x0000011200718510 code [0x00000112007186c0, 0x0000011200718a78]
Event: 0.417 Thread 0x0000011216c82550  832       3       jdk.internal.perf.PerfCounter::addElapsedTimeFrom (10 bytes)
Event: 0.417 Thread 0x0000011216c82550 nmethod 832 0x0000011200718b90 code [0x0000011200718d40, 0x0000011200718ec8]
Event: 0.418 Thread 0x0000011216c7ec00  833 %     4       java.lang.StringCoding::hasNegatives @ 2 (25 bytes)
Event: 0.420 Thread 0x0000011216c7ec00 nmethod 833% 0x0000011207b0dd10 code [0x0000011207b0dea0, 0x0000011207b0e078]
Event: 0.420 Thread 0x0000011216c7ec00  834       4       java.util.concurrent.ConcurrentHashMap::get (162 bytes)
Event: 0.422 Thread 0x0000011216c7ec00 nmethod 834 0x0000011207b0e610 code [0x0000011207b0e7a0, 0x0000011207b0ea98]
Event: 0.422 Thread 0x0000011216c7ec00  835   !   4       java.util.jar.JarFile::checkForSpecialAttributes (163 bytes)
Event: 0.423 Thread 0x0000011216c82550  837       3       jdk.internal.loader.Resource::<init> (5 bytes)
Event: 0.423 Thread 0x0000011216c82550 nmethod 837 0x0000011200718f90 code [0x0000011200719120, 0x0000011200719278]
Event: 0.424 Thread 0x0000011216c82550  839       3       sun.net.www.protocol.jar.Handler::parseURL (173 bytes)
Event: 0.425 Thread 0x0000011216c7ec00 nmethod 835 0x0000011207b0ed10 code [0x0000011207b0eee0, 0x0000011207b0f410]
Event: 0.425 Thread 0x0000011216c7ec00  838   !   4       java.util.zip.ZipFile$Source::getEntryPos (195 bytes)
Event: 0.425 Thread 0x0000011216c82550 nmethod 839 0x0000011200719310 code [0x00000112007195c0, 0x000001120071a178]
Event: 0.425 Thread 0x0000011216c82550  840       3       sun.net.www.protocol.jar.Handler::parseContextSpec (150 bytes)
Event: 0.426 Thread 0x0000011216c82550 nmethod 840 0x000001120071a690 code [0x000001120071ab20, 0x000001120071c818]
Event: 0.430 Thread 0x0000011216c82550  841       3       sun.invoke.util.VerifyAccess::isClassAccessible (230 bytes)
Event: 0.431 Thread 0x0000011216c82550 nmethod 841 0x000001120071d290 code [0x000001120071d580, 0x000001120071e418]
Event: 0.431 Thread 0x0000011216c82550  843       3       java.lang.invoke.MemberName::getMethodOrFieldType (72 bytes)

GC Heap History (0 events):
No events

Deoptimization events (20 events):
Event: 0.209 Thread 0x0000011273e66fc0 Uncommon trap: trap_request=0xffffff45 fr.pc=0x0000011207af1f30 relative=0x00000000000008d0
Event: 0.209 Thread 0x0000011273e66fc0 Uncommon trap: reason=unstable_if action=reinterpret pc=0x0000011207af1f30 method=java.util.HashMap.putVal(ILjava/lang/Object;Ljava/lang/Object;ZZ)Ljava/lang/Object; @ 181 c2
Event: 0.209 Thread 0x0000011273e66fc0 DEOPT PACKING pc=0x0000011207af1f30 sp=0x0000000906cfc280
Event: 0.209 Thread 0x0000011273e66fc0 DEOPT UNPACKING pc=0x00000112000523a3 sp=0x0000000906cfc230 mode 2
Event: 0.333 Thread 0x0000011273e66fc0 DEOPT PACKING pc=0x00000112005de1ff sp=0x0000000906cfa2e0
Event: 0.333 Thread 0x0000011273e66fc0 DEOPT UNPACKING pc=0x0000011200052b43 sp=0x0000000906cf97a0 mode 0
Event: 0.351 Thread 0x0000011273e66fc0 DEOPT PACKING pc=0x0000011200621de5 sp=0x0000000906cfa250
Event: 0.351 Thread 0x0000011273e66fc0 DEOPT UNPACKING pc=0x0000011200052b43 sp=0x0000000906cf96a0 mode 0
Event: 0.378 Thread 0x0000011273e66fc0 Uncommon trap: trap_request=0xffffff45 fr.pc=0x0000011207ae5bf8 relative=0x00000000000003d8
Event: 0.378 Thread 0x0000011273e66fc0 Uncommon trap: reason=unstable_if action=reinterpret pc=0x0000011207ae5bf8 method=java.lang.StringLatin1.canEncode(I)Z @ 4 c2
Event: 0.378 Thread 0x0000011273e66fc0 DEOPT PACKING pc=0x0000011207ae5bf8 sp=0x0000000906cfe200
Event: 0.378 Thread 0x0000011273e66fc0 DEOPT UNPACKING pc=0x00000112000523a3 sp=0x0000000906cfe128 mode 2
Event: 0.378 Thread 0x0000011273e66fc0 Uncommon trap: trap_request=0xffffff45 fr.pc=0x0000011207ae67e0 relative=0x00000000000003c0
Event: 0.378 Thread 0x0000011273e66fc0 Uncommon trap: reason=unstable_if action=reinterpret pc=0x0000011207ae67e0 method=java.lang.AbstractStringBuilder.isLatin1()Z @ 10 c2
Event: 0.378 Thread 0x0000011273e66fc0 DEOPT PACKING pc=0x0000011207ae67e0 sp=0x0000000906cfe210
Event: 0.378 Thread 0x0000011273e66fc0 DEOPT UNPACKING pc=0x00000112000523a3 sp=0x0000000906cfe190 mode 2
Event: 0.382 Thread 0x0000011273e66fc0 Uncommon trap: trap_request=0xffffff45 fr.pc=0x0000011207ae4f38 relative=0x0000000000000038
Event: 0.382 Thread 0x0000011273e66fc0 Uncommon trap: reason=unstable_if action=reinterpret pc=0x0000011207ae4f38 method=java.lang.StringLatin1.canEncode(I)Z @ 4 c2
Event: 0.382 Thread 0x0000011273e66fc0 DEOPT PACKING pc=0x0000011207ae4f38 sp=0x0000000906cfe190
Event: 0.382 Thread 0x0000011273e66fc0 DEOPT UNPACKING pc=0x00000112000523a3 sp=0x0000000906cfe120 mode 2

Classes loaded (20 events):
Event: 0.337 Loading class java/lang/TypeNotPresentException
Event: 0.337 Loading class java/lang/TypeNotPresentException done
Event: 0.344 Loading class java/util/concurrent/atomic/AtomicReference
Event: 0.344 Loading class java/util/concurrent/atomic/AtomicReference done
Event: 0.351 Loading class java/text/ParseException
Event: 0.351 Loading class java/text/ParseException done
Event: 0.356 Loading class sun/util/calendar/ZoneInfoFile$Checksum
Event: 0.356 Loading class sun/util/calendar/ZoneInfoFile$Checksum done
Event: 0.358 Loading class jdk/internal/module/ModulePatcher$PatchedModuleReader
Event: 0.358 Loading class jdk/internal/module/ModulePatcher$PatchedModuleReader done
Event: 0.358 Loading class sun/net/www/protocol/jrt/Handler
Event: 0.359 Loading class sun/net/www/protocol/jrt/Handler done
Event: 0.378 Loading class sun/text/resources/cldr/FormatData_en
Event: 0.378 Loading class sun/text/resources/cldr/FormatData_en done
Event: 0.378 Loading class sun/text/resources/cldr/FormatData_en_US
Event: 0.378 Loading class sun/text/resources/cldr/FormatData_en_US done
Event: 0.415 Loading class java/lang/ArrayIndexOutOfBoundsException
Event: 0.415 Loading class java/lang/ArrayIndexOutOfBoundsException done
Event: 0.418 Loading class java/io/FilterReader
Event: 0.418 Loading class java/io/FilterReader done

Classes unloaded (0 events):
No events

Classes redefined (0 events):
No events

Internal exceptions (5 events):
Event: 0.085 Thread 0x0000011273e66fc0 Exception <a 'java/lang/NoSuchMethodError'{0x000000071921e800}: 'void java.lang.invoke.DirectMethodHandle$Holder.invokeStatic(java.lang.Object, java.lang.Object, java.lang.Object)'> (0x000000071921e800) 
thrown [s\open\src\hotspot\share\interpreter\linkResolver.cpp, line 759]
Event: 0.091 Thread 0x0000011273e66fc0 Exception <a 'java/lang/NoSuchMethodError'{0x0000000719237518}: 'java.lang.Object java.lang.invoke.Invokers$Holder.invokeExact_MT(java.lang.Object, java.lang.Object, java.lang.Object, java.lang.Object, java.lang.Object)'> (0x0000000719237518) 
thrown [s\open\src\hotspot\share\interpreter\linkResolver.cpp, line 759]
Event: 0.102 Thread 0x000001121b156f10 Exception <a 'java/lang/NoSuchMethodError'{0x0000000719277ef8}: 'void java.lang.invoke.DirectMethodHandle$Holder.invokeStatic(java.lang.Object, java.lang.Object)'> (0x0000000719277ef8) 
thrown [s\open\src\hotspot\share\interpreter\linkResolver.cpp, line 759]
Event: 0.213 Thread 0x0000011273e66fc0 Exception <a 'java/lang/NoSuchMethodError'{0x00000007191bf1a0}: 'java.lang.Object java.lang.invoke.DirectMethodHandle$Holder.invokeStaticInit(java.lang.Object, int, int, int, int)'> (0x00000007191bf1a0) 
thrown [s\open\src\hotspot\share\interpreter\linkResolver.cpp, line 759]
Event: 0.243 Thread 0x0000011273e66fc0 Exception <a 'java/lang/NoSuchMethodError'{0x0000000718e63278}: 'java.lang.Object java.lang.invoke.DirectMethodHandle$Holder.invokeStaticInit(java.lang.Object, java.lang.Object, int, int, int, int)'> (0x0000000718e63278) 
thrown [s\open\src\hotspot\share\interpreter\linkResolver.cpp, line 759]

VM Operations (12 events):
Event: 0.053 Executing VM operation: HandshakeAllThreads
Event: 0.053 Executing VM operation: HandshakeAllThreads done
Event: 0.097 Executing VM operation: HandshakeAllThreads
Event: 0.097 Executing VM operation: HandshakeAllThreads done
Event: 0.181 Executing VM operation: HandshakeAllThreads
Event: 0.181 Executing VM operation: HandshakeAllThreads done
Event: 0.246 Executing VM operation: HandshakeAllThreads
Event: 0.246 Executing VM operation: HandshakeAllThreads done
Event: 0.296 Executing VM operation: HandshakeAllThreads
Event: 0.296 Executing VM operation: HandshakeAllThreads done
Event: 0.329 Executing VM operation: HandshakeAllThreads
Event: 0.329 Executing VM operation: HandshakeAllThreads done

Events (20 events):
Event: 0.017 Thread 0x0000011216c5f3f0 Thread added: 0x0000011216c5f3f0
Event: 0.026 Thread 0x0000011216c73690 Thread added: 0x0000011216c73690
Event: 0.026 Thread 0x0000011216c73f40 Thread added: 0x0000011216c73f40
Event: 0.026 Thread 0x0000011216c747f0 Thread added: 0x0000011216c747f0
Event: 0.026 Thread 0x0000011216c750a0 Thread added: 0x0000011216c750a0
Event: 0.026 Thread 0x0000011216c7ec00 Thread added: 0x0000011216c7ec00
Event: 0.026 Thread 0x0000011216c82550 Thread added: 0x0000011216c82550
Event: 0.027 Thread 0x0000011216c86950 Thread added: 0x0000011216c86950
Event: 0.046 Thread 0x0000011216c46790 Thread added: 0x0000011216c46790
Event: 0.065 Loaded shared library C:\Program Files\Java\jdk-18.0.2.1\bin\zip.dll
Event: 0.068 Loaded shared library C:\Program Files\Java\jdk-18.0.2.1\bin\instrument.dll
Event: 0.074 Loaded shared library C:\Program Files\Java\jdk-18.0.2.1\bin\net.dll
Event: 0.076 Loaded shared library C:\Program Files\Java\jdk-18.0.2.1\bin\nio.dll
Event: 0.079 Loaded shared library C:\Program Files\Java\jdk-18.0.2.1\bin\zip.dll
Event: 0.094 Loaded shared library C:\Program Files\JetBrains\IntelliJ IDEA 2023.1.3\bin\breakgen64.dll
Event: 0.094 Thread 0x000001121b156f10 Thread added: 0x000001121b156f10
Event: 0.094 Thread 0x000001121b1593e0 Thread added: 0x000001121b1593e0
Event: 0.183 Loaded shared library C:\Program Files\Java\jdk-18.0.2.1\bin\verify.dll
Event: 0.195 Loaded shared library C:\Program Files\Java\jdk-18.0.2.1\bin\jimage.dll
Event: 0.264 Loaded shared library C:\Users\Tom\AppData\Local\Temp\jansi-1.17.1-3306830371769479814.dll


Dynamic libraries:
0x00007ff79d210000 - 0x00007ff79d220000 	C:\Program Files\Java\jdk-18.0.2.1\bin\java.exe
0x00007ff8b1bb0000 - 0x00007ff8b1da8000 	C:\Windows\SYSTEM32\ntdll.dll
0x00007ff8b00b0000 - 0x00007ff8b016d000 	C:\Windows\System32\KERNEL32.DLL
0x00007ff8af4b0000 - 0x00007ff8af7a6000 	C:\Windows\System32\KERNELBASE.dll
0x00007ff8af380000 - 0x00007ff8af480000 	C:\Windows\System32\ucrtbase.dll
0x00007ff85a1a0000 - 0x00007ff85a1b8000 	C:\Program Files\Java\jdk-18.0.2.1\bin\jli.dll
0x00007ff858390000 - 0x00007ff8583aa000 	C:\Program Files\Java\jdk-18.0.2.1\bin\VCRUNTIME140.dll
0x00007ff8b0180000 - 0x00007ff8b022e000 	C:\Windows\System32\ADVAPI32.dll
0x00007ff8b14d0000 - 0x00007ff8b156e000 	C:\Windows\System32\msvcrt.dll
0x00007ff8b0f10000 - 0x00007ff8b0fac000 	C:\Windows\System32\sechost.dll
0x00007ff8b1850000 - 0x00007ff8b1976000 	C:\Windows\System32\RPCRT4.dll
0x00007ff8b0230000 - 0x00007ff8b03ce000 	C:\Windows\System32\USER32.dll
0x00007ff8af7b0000 - 0x00007ff8af7d2000 	C:\Windows\System32\win32u.dll
0x00007ff89deb0000 - 0x00007ff89e14a000 	C:\Windows\WinSxS\amd64_microsoft.windows.common-controls_6595b64144ccf1df_6.0.19041.1110_none_60b5254171f9507e\COMCTL32.dll
0x00007ff8b0080000 - 0x00007ff8b00ac000 	C:\Windows\System32\GDI32.dll
0x00007ff8af9f0000 - 0x00007ff8afb0a000 	C:\Windows\System32\gdi32full.dll
0x00007ff8af290000 - 0x00007ff8af32d000 	C:\Windows\System32\msvcp_win.dll
0x00007ff8a7420000 - 0x00007ff8a742a000 	C:\Windows\SYSTEM32\VERSION.dll
0x00007ff8b1580000 - 0x00007ff8b15b0000 	C:\Windows\System32\IMM32.DLL
0x00007ff8710a0000 - 0x00007ff8710ac000 	C:\Program Files\Java\jdk-18.0.2.1\bin\vcruntime140_1.dll
0x00007ff858300000 - 0x00007ff85838d000 	C:\Program Files\Java\jdk-18.0.2.1\bin\msvcp140.dll
0x00007ff8576e0000 - 0x00007ff8582f1000 	C:\Program Files\Java\jdk-18.0.2.1\bin\server\jvm.dll
0x00007ff8b1b60000 - 0x00007ff8b1b68000 	C:\Windows\System32\PSAPI.DLL
0x00007ff893250000 - 0x00007ff893259000 	C:\Windows\SYSTEM32\WSOCK32.dll
0x00007ff8a43f0000 - 0x00007ff8a4417000 	C:\Windows\SYSTEM32\WINMM.dll
0x00007ff8b0b40000 - 0x00007ff8b0bab000 	C:\Windows\System32\WS2_32.dll
0x00007ff8adaa0000 - 0x00007ff8adab2000 	C:\Windows\SYSTEM32\kernel.appcore.dll
0x00007ff8576d0000 - 0x00007ff8576da000 	C:\Program Files\Java\jdk-18.0.2.1\bin\jimage.dll
0x00007ff8acb20000 - 0x00007ff8acd04000 	C:\Windows\SYSTEM32\DBGHELP.DLL
0x00007ff898f80000 - 0x00007ff898fb4000 	C:\Windows\SYSTEM32\dbgcore.DLL
0x00007ff8afb80000 - 0x00007ff8afc02000 	C:\Windows\System32\bcryptPrimitives.dll
0x00007ff8aa7b0000 - 0x00007ff8aa7be000 	C:\Program Files\Java\jdk-18.0.2.1\bin\instrument.dll
0x00007ff8576a0000 - 0x00007ff8576c5000 	C:\Program Files\Java\jdk-18.0.2.1\bin\java.dll
0x00007ff8575c0000 - 0x00007ff857696000 	C:\Program Files\Java\jdk-18.0.2.1\bin\jsvml.dll
0x00007ff8b03d0000 - 0x00007ff8b0b15000 	C:\Windows\System32\SHELL32.dll
0x00007ff8ad2c0000 - 0x00007ff8ada5b000 	C:\Windows\SYSTEM32\windows.storage.dll
0x00007ff8afc10000 - 0x00007ff8aff64000 	C:\Windows\System32\combase.dll
0x00007ff8aec00000 - 0x00007ff8aec2e000 	C:\Windows\SYSTEM32\Wldp.dll
0x00007ff8b1420000 - 0x00007ff8b14cd000 	C:\Windows\System32\SHCORE.dll
0x00007ff8b1980000 - 0x00007ff8b19d5000 	C:\Windows\System32\shlwapi.dll
0x00007ff8af1c0000 - 0x00007ff8af1e5000 	C:\Windows\SYSTEM32\profapi.dll
0x00007ff8574d0000 - 0x00007ff8574e8000 	C:\Program Files\Java\jdk-18.0.2.1\bin\zip.dll
0x00007ff857510000 - 0x00007ff857523000 	C:\Program Files\Java\jdk-18.0.2.1\bin\net.dll
0x00007ff8a6b30000 - 0x00007ff8a6c3a000 	C:\Windows\SYSTEM32\WINHTTP.dll
0x00007ff8ae960000 - 0x00007ff8ae9ca000 	C:\Windows\system32\mswsock.dll
0x00007ff8574f0000 - 0x00007ff857506000 	C:\Program Files\Java\jdk-18.0.2.1\bin\nio.dll
0x00007ff8a6780000 - 0x00007ff8a679a000 	C:\Program Files\JetBrains\IntelliJ IDEA 2023.1.3\bin\breakgen64.dll
0x00007ff85a1c0000 - 0x00007ff85a1d0000 	C:\Program Files\Java\jdk-18.0.2.1\bin\verify.dll
0x00007ff8aeb50000 - 0x00007ff8aeb68000 	C:\Windows\SYSTEM32\CRYPTSP.dll
0x00007ff8ae240000 - 0x00007ff8ae274000 	C:\Windows\system32\rsaenh.dll
0x00007ff8af480000 - 0x00007ff8af4a7000 	C:\Windows\System32\bcrypt.dll
0x00007ff8af180000 - 0x00007ff8af1ae000 	C:\Windows\SYSTEM32\USERENV.dll
0x00007ff8aeb70000 - 0x00007ff8aeb7c000 	C:\Windows\SYSTEM32\CRYPTBASE.dll
0x00007ff8ae650000 - 0x00007ff8ae68b000 	C:\Windows\SYSTEM32\IPHLPAPI.DLL
0x00007ff8b0170000 - 0x00007ff8b0178000 	C:\Windows\System32\NSI.dll
0x00007ff8a4a90000 - 0x00007ff8a4aa7000 	C:\Windows\SYSTEM32\dhcpcsvc6.DLL
0x00007ff8a6ed0000 - 0x00007ff8a6eed000 	C:\Windows\SYSTEM32\dhcpcsvc.DLL
0x00007ff8ae690000 - 0x00007ff8ae75a000 	C:\Windows\SYSTEM32\DNSAPI.dll
0x00007ff8a6770000 - 0x00007ff8a677a000 	C:\Users\Tom\AppData\Local\Temp\jansi-1.17.1-3306830371769479814.dll

dbghelp: loaded successfully - version: 4.0.5 - missing functions: none
symbol engine: initialized successfully - sym options: 0x614 - pdb path: .;C:\Program Files\Java\jdk-18.0.2.1\bin;C:\Windows\SYSTEM32;C:\Windows\WinSxS\amd64_microsoft.windows.common-controls_6595b64144ccf1df_6.0.19041.1110_none_60b5254171f9507e;C:\Program Files\Java\jdk-18.0.2.1\bin\server;C:\Program Files\JetBrains\IntelliJ IDEA 2023.1.3\bin;C:\Users\Tom\AppData\Local\Temp

VM Arguments:
jvm_args: -Dmaven.multiModuleProjectDirectory=D:\OPERAGX Downloads\Users_Realization -Djansi.passthrough=true -Dmaven.home=C:\Program Files\JetBrains\IntelliJ IDEA 2023.1.3\plugins\maven\lib\maven3 -Dclassworlds.conf=C:\Program Files\JetBrains\IntelliJ IDEA 2023.1.3\plugins\maven\lib\maven3\bin\m2.conf -Dmaven.ext.class.path=C:\Program Files\JetBrains\IntelliJ IDEA 2023.1.3\plugins\maven\lib\maven-event-listener.jar -javaagent:C:\Program Files\JetBrains\IntelliJ IDEA 2023.1.3\lib\idea_rt.jar=55579:C:\Program Files\JetBrains\IntelliJ IDEA 2023.1.3\bin -Dfile.encoding=UTF-8 -Dsun.stdout.encoding=UTF-8 -Dsun.stderr.encoding=UTF-8 
java_command: org.codehaus.classworlds.Launcher -Didea.version=2023.1.3 clean package
java_class_path (initial): C:\Program Files\JetBrains\IntelliJ IDEA 2023.1.3\plugins\maven\lib\maven3\boot\plexus-classworlds-2.6.0.jar;C:\Program Files\JetBrains\IntelliJ IDEA 2023.1.3\plugins\maven\lib\maven3\boot\plexus-classworlds.license
Launcher Type: SUN_STANDARD

[Global flags]
     intx CICompilerCount                          = 4                                         {product} {ergonomic}
     uint ConcGCThreads                            = 3                                         {product} {ergonomic}
     uint G1ConcRefinementThreads                  = 10                                        {product} {ergonomic}
   size_t G1HeapRegionSize                         = 2097152                                   {product} {ergonomic}
    uintx GCDrainStackTargetSize                   = 64                                        {product} {ergonomic}
   size_t InitialHeapSize                          = 257949696                                 {product} {ergonomic}
   size_t MarkStackSize                            = 4194304                                   {product} {ergonomic}
   size_t MaxHeapSize                              = 4127195136                                {product} {ergonomic}
   size_t MaxNewSize                               = 2474639360                                {product} {ergonomic}
   size_t MinHeapDeltaBytes                        = 2097152                                   {product} {ergonomic}
   size_t MinHeapSize                              = 8388608                                   {product} {ergonomic}
    uintx NonNMethodCodeHeapSize                   = 5839372                                {pd product} {ergonomic}
    uintx NonProfiledCodeHeapSize                  = 122909434                              {pd product} {ergonomic}
    uintx ProfiledCodeHeapSize                     = 122909434                              {pd product} {ergonomic}
    uintx ReservedCodeCacheSize                    = 251658240                              {pd product} {ergonomic}
     bool SegmentedCodeCache                       = true                                      {product} {ergonomic}
   size_t SoftMaxHeapSize                          = 4127195136                             {manageable} {ergonomic}
     bool UseCompressedClassPointers               = true                           {product lp64_product} {ergonomic}
     bool UseCompressedOops                        = true                           {product lp64_product} {ergonomic}
     bool UseG1GC                                  = true                                      {product} {ergonomic}
     bool UseLargePagesIndividualAllocation        = false                                  {pd product} {ergonomic}

Logging:
Log output configuration:
 #0: stdout all=warning uptime,level,tags foldmultilines=false
 #1: stderr all=off uptime,level,tags foldmultilines=false

Environment Variables:
PATH=C:\Python311\Scripts\;C:\Python311\;C:\ProgramData\Oracle\Java\javapath;C:\Program Files\Common Files\Oracle\Java\javapath;C:\Windows\system32;C:\Windows;C:\Windows\System32\Wbem;C:\Windows\System32\WindowsPowerShell\v1.0\;C:\Windows\System32\OpenSSH\;C:\Program Files\Exiftool;C:\Program Files\Microsoft SQL Server\150\Tools\Binn\;C:\Program Files\Microsoft SQL Server\Client SDK\ODBC\170\Tools\Binn\;C:\Program Files\dotnet\;%JAVA_HOME%\bin\;C:\Program Files (x86)\dotnet\;C:\Program Files\Git\cmd;C:\Program Files\nodejs\;C:\ProgramData\chocolatey\bin;C:\Program Files (x86)\Yarn\bin\;C:\Program Files\Docker\Docker\resources\bin;C:\Ruby32-x64\bin;C:\RailsInstaller\Git\cmd;C:\RailsInstaller\Ruby2.3.3\bin;C:\Users\Tom\AppData\Local\Programs\Python\Python310\Scripts\;C:\Users\Tom\AppData\Local\Programs\Python\Python310\;C:\Users\Tom\AppData\Local\Microsoft\WindowsApps;C:\Users\Tom\.dotnet\tools;D:\Visual Studio\Microsoft VS Code\bin;C:\Program Files\JetBrains\IntelliJ IDEA 2023.1.3\bin;C:\Users\Tom\AppData\Roaming\n;C:\Program Files (x86)\Microsoft SQL Server\160\Tools\Binn\;C:\Program Files\Microsoft SQL Server\160\Tools\Binn\;C:\Program Files\Microsoft SQL Server\160\DTS\Binn\;C:\Program Files\Azure Data Studio\bin;C:\Program Files (x86)\Microsoft SQL Server\160\DTS\Binn\;C:\Program Files\PostgreSQL\15\bin;C:\Ruby32-x64\bin;C:\RailsInstaller\Git\cmd;C:\RailsInstaller\Ruby2.3.3\bin;C:\Users\Tom\AppData\Local\Programs\Python\Python310\Scripts\;C:\Users\Tom\AppData\Local\Programs\Python\Python310\;C:\Users\Tom\AppData\Local\Microsoft\WindowsApps;C:\Users\Tom\.dotnet\tools;D:\Visual Studio\Microsoft VS Code\bin;C:\Program Files\JetBrains\IntelliJ IDEA 2023.1.3\bin;;C:\Users\Tom\AppData\Roaming\npm;C:\Users\Tom\AppData\Local\Yarn\bin;C:\Program Files\heroku\bin;C:\Program Files\Azure Data Studio\bin
USERNAME=Tom
OS=Windows_NT
PROCESSOR_IDENTIFIER=AMD64 Family 23 Model 96 Stepping 1, AuthenticAMD



---------------  S Y S T E M  ---------------

OS:
 Windows 10 , 64 bit Build 19041 (10.0.19041.3393)
OS uptime: 0 days 1:31 hours
Hyper-V role detected

CPU: total 12 (initial active 12) (12 cores per cpu, 2 threads per core) family 23 model 96 stepping 1 microcode 0x0, cx8, cmov, fxsr, ht, mmx, 3dnowpref, sse, sse2, sse3, ssse3, sse4a, sse4.1, sse4.2, popcnt, lzcnt, tsc, tscinvbit, avx, avx2, aes, clmul, bmi1, bmi2, adx, sha, fma, vzeroupper, clflush, clflushopt, hv

Memory: 4k page, system-wide physical 15741M (2705M free)
TotalPageFile size 15741M (AvailPageFile size 4M)
current process WorkingSet (physical memory assigned to process): 54M, peak: 54M
current process commit charge ("private bytes"): 345M, peak: 345M

vm_info: Java HotSpot(TM) 64-Bit Server VM (18.0.2.1+1-1) for windows-amd64 JRE (18.0.2.1+1-1), built on Aug 16 2022 01:46:33 by "mach5one" with MS VC++ 16.8 / 16.9 (VS2019)

END.
