#
# There is insufficient memory for the Java Runtime Environment to continue.
# Native memory allocation (mmap) failed to map 257949696 bytes for G1 virtual space
# Possible reasons:
#   The system is out of physical RAM or swap space
#   The process is running with CompressedOops enabled, and the Java Heap may be blocking the growth of the native heap
# Possible solutions:
#   Reduce memory load on the system
#   Increase physical memory or swap space
#   Check if swap backing store is full
#   Decrease Java heap size (-Xmx/-Xms)
#   Decrease number of Java threads
#   Decrease Java thread stack sizes (-Xss)
#   Set larger code cache with -XX:ReservedCodeCacheSize=
#   JVM is running with Zero Based Compressed Oops mode in which the Java heap is
#     placed in the first 32GB address space. The Java Heap base address is the
#     maximum limit for the native heap growth. Please use -XX:HeapBaseMinAddress
#     to set the Java Heap base and to place the Java Heap above 32GB virtual address.
# This output file may be truncated or incomplete.
#
#  Out of Memory Error (os_windows.cpp:3530), pid=2204, tid=13932
#
# JRE version:  (18.0.2.1+1) (build )
# Java VM: Java HotSpot(TM) 64-Bit Server VM (18.0.2.1+1-1, mixed mode, sharing, tiered, compressed oops, compressed class ptrs, g1 gc, windows-amd64)
# No core dump will be written. Minidumps are not enabled by default on client versions of Windows
#

---------------  S U M M A R Y ------------

Command Line: -Dmaven.multiModuleProjectDirectory=D:\OPERAGX Downloads\Users_Realization -Djansi.passthrough=true -Dmaven.home=C:\Program Files\JetBrains\IntelliJ IDEA 2023.1.3\plugins\maven\lib\maven3 -Dclassworlds.conf=C:\Program Files\JetBrains\IntelliJ IDEA 2023.1.3\plugins\maven\lib\maven3\bin\m2.conf -Dmaven.ext.class.path=C:\Program Files\JetBrains\IntelliJ IDEA 2023.1.3\plugins\maven\lib\maven-event-listener.jar -javaagent:C:\Program Files\JetBrains\IntelliJ IDEA 2023.1.3\lib\idea_rt.jar=55313:C:\Program Files\JetBrains\IntelliJ IDEA 2023.1.3\bin -Dfile.encoding=UTF-8 -Dsun.stdout.encoding=UTF-8 -Dsun.stderr.encoding=UTF-8 org.codehaus.classworlds.Launcher -Didea.version=2023.1.3 clean package

Host: AMD Ryzen 5 4600H with Radeon Graphics         , 12 cores, 15G,  Windows 10 , 64 bit Build 19041 (10.0.19041.3393)
Time: Tue Oct  3 12:01:27 2023 Russia TZ 2 Standard Time elapsed time: 0.022933 seconds (0d 0h 0m 0s)

---------------  T H R E A D  ---------------

Current thread (0x000002095efb7bc0):  JavaThread "Unknown thread" [_thread_in_vm, id=13932, stack(0x000000c82c000000,0x000000c82c100000)]

Stack: [0x000000c82c000000,0x000000c82c100000]
Native frames: (J=compiled Java code, j=interpreted, Vv=VM code, C=native code)
V  [jvm.dll+0x6993aa]
V  [jvm.dll+0x7f46dd]
V  [jvm.dll+0x7f5fee]
V  [jvm.dll+0x7f66a3]
V  [jvm.dll+0x25cf1f]
V  [jvm.dll+0x6962f9]
V  [jvm.dll+0x68ae2a]
V  [jvm.dll+0x32255b]
V  [jvm.dll+0x329f36]
V  [jvm.dll+0x37eade]
V  [jvm.dll+0x37ed0f]
V  [jvm.dll+0x2fa2da]
V  [jvm.dll+0x2fb33d]
V  [jvm.dll+0x7c3310]
V  [jvm.dll+0x38be61]
V  [jvm.dll+0x7a2023]
V  [jvm.dll+0x40dc3f]
V  [jvm.dll+0x40f611]
C  [jli.dll+0x526b]
C  [ucrtbase.dll+0x21bb2]
C  [KERNEL32.DLL+0x17344]
C  [ntdll.dll+0x526b1]


---------------  P R O C E S S  ---------------

Threads class SMR info:
_java_thread_list=0x00007ff8581be550, length=0, elements={
}

Java Threads: ( => current thread )

Other Threads:
  0x000002095f026f70 WorkerThread "GC Thread#0" [stack: 0x000000c82c100000,0x000000c82c200000] [id=8320]
  0x000002095f0373b0 ConcurrentGCThread "G1 Main Marker" [stack: 0x000000c82c200000,0x000000c82c300000] [id=9424]
  0x000002095f039bc0 WorkerThread "G1 Conc#0" [stack: 0x000000c82c300000,0x000000c82c400000] [id=9204]

[error occurred during error reporting (printing all threads), id 0xc0000005, EXCEPTION_ACCESS_VIOLATION (0xc0000005) at pc=0x00007ff8579ea877]

VM state: not at safepoint (not fully initialized)

VM Mutex/Monitor currently owned by a thread:  ([mutex/lock_event])
[0x000002095efb1af0] Heap_lock - owner thread: 0x000002095efb7bc0

Heap address: 0x000000070a000000, size: 3936 MB, Compressed Oops mode: Zero based, Oop shift amount: 3

CDS archive(s) mapped at: [0x0000000000000000-0x0000000000000000-0x0000000000000000), size 0, SharedBaseAddress: 0x0000000800000000, ArchiveRelocationMode: 0.
Narrow klass base: 0x0000000000000000, Narrow klass shift: 0, Narrow klass range: 0x0

GC Precious Log:
 CardTable entry size: 512
 Card Set container configuration: InlinePtr #cards 4 size 8 Array Of Cards #cards 16 size 48 Howl #buckets 8 coarsen threshold 3686 Howl Bitmap #cards 512 size 80 coarsen threshold 460 Card regions per heap region 1 cards per card region 4096

Heap:
 garbage-first heap   total 0K, used 0K [0x000000070a000000, 0x0000000800000000)
  region size 2048K, 0 young (0K), 0 survivors (0K)

[error occurred during error reporting (printing heap information), id 0xc0000005, EXCEPTION_ACCESS_VIOLATION (0xc0000005) at pc=0x00007ff857dd1839]

GC Heap History (0 events):
No events

Deoptimization events (0 events):
No events

Classes loaded (0 events):
No events

Classes unloaded (0 events):
No events

Classes redefined (0 events):
No events

Internal exceptions (0 events):
No events

VM Operations (0 events):
No events

Events (1 events):
Event: 0.007 Loaded shared library C:\Program Files\Java\jdk-18.0.2.1\bin\java.dll


Dynamic libraries:
0x00007ff79d210000 - 0x00007ff79d220000 	C:\Program Files\Java\jdk-18.0.2.1\bin\java.exe
0x00007ff8b1bb0000 - 0x00007ff8b1da8000 	C:\Windows\SYSTEM32\ntdll.dll
0x00007ff8b00b0000 - 0x00007ff8b016d000 	C:\Windows\System32\KERNEL32.DLL
0x00007ff8af4b0000 - 0x00007ff8af7a6000 	C:\Windows\System32\KERNELBASE.dll
0x00007ff8af380000 - 0x00007ff8af480000 	C:\Windows\System32\ucrtbase.dll
0x00007ff858390000 - 0x00007ff8583aa000 	C:\Program Files\Java\jdk-18.0.2.1\bin\VCRUNTIME140.dll
0x00007ff85a1a0000 - 0x00007ff85a1b8000 	C:\Program Files\Java\jdk-18.0.2.1\bin\jli.dll
0x00007ff8b0180000 - 0x00007ff8b022e000 	C:\Windows\System32\ADVAPI32.dll
0x00007ff8b14d0000 - 0x00007ff8b156e000 	C:\Windows\System32\msvcrt.dll
0x00007ff8b0f10000 - 0x00007ff8b0fac000 	C:\Windows\System32\sechost.dll
0x00007ff8b1850000 - 0x00007ff8b1976000 	C:\Windows\System32\RPCRT4.dll
0x00007ff8b0230000 - 0x00007ff8b03ce000 	C:\Windows\System32\USER32.dll
0x00007ff8af7b0000 - 0x00007ff8af7d2000 	C:\Windows\System32\win32u.dll
0x00007ff8b0080000 - 0x00007ff8b00ac000 	C:\Windows\System32\GDI32.dll
0x00007ff89deb0000 - 0x00007ff89e14a000 	C:\Windows\WinSxS\amd64_microsoft.windows.common-controls_6595b64144ccf1df_6.0.19041.1110_none_60b5254171f9507e\COMCTL32.dll
0x00007ff8af9f0000 - 0x00007ff8afb0a000 	C:\Windows\System32\gdi32full.dll
0x00007ff8af290000 - 0x00007ff8af32d000 	C:\Windows\System32\msvcp_win.dll
0x00007ff8a7420000 - 0x00007ff8a742a000 	C:\Windows\SYSTEM32\VERSION.dll
0x00007ff8b1580000 - 0x00007ff8b15b0000 	C:\Windows\System32\IMM32.DLL
0x00007ff8710a0000 - 0x00007ff8710ac000 	C:\Program Files\Java\jdk-18.0.2.1\bin\vcruntime140_1.dll
0x00007ff858300000 - 0x00007ff85838d000 	C:\Program Files\Java\jdk-18.0.2.1\bin\msvcp140.dll
0x00007ff8576e0000 - 0x00007ff8582f1000 	C:\Program Files\Java\jdk-18.0.2.1\bin\server\jvm.dll
0x00007ff8b1b60000 - 0x00007ff8b1b68000 	C:\Windows\System32\PSAPI.DLL
0x00007ff8a43f0000 - 0x00007ff8a4417000 	C:\Windows\SYSTEM32\WINMM.dll
0x00007ff893250000 - 0x00007ff893259000 	C:\Windows\SYSTEM32\WSOCK32.dll
0x00007ff8b0b40000 - 0x00007ff8b0bab000 	C:\Windows\System32\WS2_32.dll
0x00007ff8adaa0000 - 0x00007ff8adab2000 	C:\Windows\SYSTEM32\kernel.appcore.dll
0x00007ff8576d0000 - 0x00007ff8576da000 	C:\Program Files\Java\jdk-18.0.2.1\bin\jimage.dll
0x00007ff8acb20000 - 0x00007ff8acd04000 	C:\Windows\SYSTEM32\DBGHELP.DLL
0x00007ff898f80000 - 0x00007ff898fb4000 	C:\Windows\SYSTEM32\dbgcore.DLL
0x00007ff8afb80000 - 0x00007ff8afc02000 	C:\Windows\System32\bcryptPrimitives.dll
0x00007ff8a67d0000 - 0x00007ff8a67de000 	C:\Program Files\Java\jdk-18.0.2.1\bin\instrument.dll
0x00007ff8576a0000 - 0x00007ff8576c5000 	C:\Program Files\Java\jdk-18.0.2.1\bin\java.dll

dbghelp: loaded successfully - version: 4.0.5 - missing functions: none
symbol engine: initialized successfully - sym options: 0x614 - pdb path: .;C:\Program Files\Java\jdk-18.0.2.1\bin;C:\Windows\SYSTEM32;C:\Windows\WinSxS\amd64_microsoft.windows.common-controls_6595b64144ccf1df_6.0.19041.1110_none_60b5254171f9507e;C:\Program Files\Java\jdk-18.0.2.1\bin\server

VM Arguments:
jvm_args: -Dmaven.multiModuleProjectDirectory=D:\OPERAGX Downloads\Users_Realization -Djansi.passthrough=true -Dmaven.home=C:\Program Files\JetBrains\IntelliJ IDEA 2023.1.3\plugins\maven\lib\maven3 -Dclassworlds.conf=C:\Program Files\JetBrains\IntelliJ IDEA 2023.1.3\plugins\maven\lib\maven3\bin\m2.conf -Dmaven.ext.class.path=C:\Program Files\JetBrains\IntelliJ IDEA 2023.1.3\plugins\maven\lib\maven-event-listener.jar -javaagent:C:\Program Files\JetBrains\IntelliJ IDEA 2023.1.3\lib\idea_rt.jar=55313:C:\Program Files\JetBrains\IntelliJ IDEA 2023.1.3\bin -Dfile.encoding=UTF-8 -Dsun.stdout.encoding=UTF-8 -Dsun.stderr.encoding=UTF-8 
java_command: org.codehaus.classworlds.Launcher -Didea.version=2023.1.3 clean package
java_class_path (initial): C:\Program Files\JetBrains\IntelliJ IDEA 2023.1.3\plugins\maven\lib\maven3\boot\plexus-classworlds-2.6.0.jar;C:\Program Files\JetBrains\IntelliJ IDEA 2023.1.3\plugins\maven\lib\maven3\boot\plexus-classworlds.license
Launcher Type: SUN_STANDARD

[Global flags]
     intx CICompilerCount                          = 4                                         {product} {ergonomic}
     uint ConcGCThreads                            = 3                                         {product} {ergonomic}
     uint G1ConcRefinementThreads                  = 10                                        {product} {ergonomic}
   size_t G1HeapRegionSize                         = 2097152                                   {product} {ergonomic}
    uintx GCDrainStackTargetSize                   = 64                                        {product} {ergonomic}
   size_t InitialHeapSize                          = 257949696                                 {product} {ergonomic}
   size_t MarkStackSize                            = 4194304                                   {product} {ergonomic}
   size_t MaxHeapSize                              = 4127195136                                {product} {ergonomic}
   size_t MinHeapDeltaBytes                        = 2097152                                   {product} {ergonomic}
   size_t MinHeapSize                              = 8388608                                   {product} {ergonomic}
    uintx NonNMethodCodeHeapSize                   = 5839372                                {pd product} {ergonomic}
    uintx NonProfiledCodeHeapSize                  = 122909434                              {pd product} {ergonomic}
    uintx ProfiledCodeHeapSize                     = 122909434                              {pd product} {ergonomic}
    uintx ReservedCodeCacheSize                    = 251658240                              {pd product} {ergonomic}
     bool SegmentedCodeCache                       = true                                      {product} {ergonomic}
   size_t SoftMaxHeapSize                          = 4127195136                             {manageable} {ergonomic}
     bool UseCompressedClassPointers               = true                           {product lp64_product} {ergonomic}
     bool UseCompressedOops                        = true                           {product lp64_product} {ergonomic}
     bool UseG1GC                                  = true                                      {product} {ergonomic}
     bool UseLargePagesIndividualAllocation        = false                                  {pd product} {ergonomic}

Logging:
Log output configuration:
 #0: stdout all=warning uptime,level,tags foldmultilines=false
 #1: stderr all=off uptime,level,tags foldmultilines=false

Environment Variables:
PATH=C:\Python311\Scripts\;C:\Python311\;C:\ProgramData\Oracle\Java\javapath;C:\Program Files\Common Files\Oracle\Java\javapath;C:\Windows\system32;C:\Windows;C:\Windows\System32\Wbem;C:\Windows\System32\WindowsPowerShell\v1.0\;C:\Windows\System32\OpenSSH\;C:\Program Files\Exiftool;C:\Program Files\Microsoft SQL Server\150\Tools\Binn\;C:\Program Files\Microsoft SQL Server\Client SDK\ODBC\170\Tools\Binn\;C:\Program Files\dotnet\;%JAVA_HOME%\bin\;C:\Program Files (x86)\dotnet\;C:\Program Files\Git\cmd;C:\Program Files\nodejs\;C:\ProgramData\chocolatey\bin;C:\Program Files (x86)\Yarn\bin\;C:\Program Files\Docker\Docker\resources\bin;C:\Ruby32-x64\bin;C:\RailsInstaller\Git\cmd;C:\RailsInstaller\Ruby2.3.3\bin;C:\Users\Tom\AppData\Local\Programs\Python\Python310\Scripts\;C:\Users\Tom\AppData\Local\Programs\Python\Python310\;C:\Users\Tom\AppData\Local\Microsoft\WindowsApps;C:\Users\Tom\.dotnet\tools;D:\Visual Studio\Microsoft VS Code\bin;C:\Program Files\JetBrains\IntelliJ IDEA 2023.1.3\bin;C:\Users\Tom\AppData\Roaming\n;C:\Program Files (x86)\Microsoft SQL Server\160\Tools\Binn\;C:\Program Files\Microsoft SQL Server\160\Tools\Binn\;C:\Program Files\Microsoft SQL Server\160\DTS\Binn\;C:\Program Files\Azure Data Studio\bin;C:\Program Files (x86)\Microsoft SQL Server\160\DTS\Binn\;C:\Program Files\PostgreSQL\15\bin;C:\Ruby32-x64\bin;C:\RailsInstaller\Git\cmd;C:\RailsInstaller\Ruby2.3.3\bin;C:\Users\Tom\AppData\Local\Programs\Python\Python310\Scripts\;C:\Users\Tom\AppData\Local\Programs\Python\Python310\;C:\Users\Tom\AppData\Local\Microsoft\WindowsApps;C:\Users\Tom\.dotnet\tools;D:\Visual Studio\Microsoft VS Code\bin;C:\Program Files\JetBrains\IntelliJ IDEA 2023.1.3\bin;;C:\Users\Tom\AppData\Roaming\npm;C:\Users\Tom\AppData\Local\Yarn\bin;C:\Program Files\heroku\bin;C:\Program Files\Azure Data Studio\bin
USERNAME=Tom
OS=Windows_NT
PROCESSOR_IDENTIFIER=AMD64 Family 23 Model 96 Stepping 1, AuthenticAMD



---------------  S Y S T E M  ---------------

OS:
 Windows 10 , 64 bit Build 19041 (10.0.19041.3393)
OS uptime: 0 days 1:26 hours
Hyper-V role detected

CPU: total 12 (initial active 12) (12 cores per cpu, 2 threads per core) family 23 model 96 stepping 1 microcode 0x0, cx8, cmov, fxsr, ht, mmx, 3dnowpref, sse, sse2, sse3, ssse3, sse4a, sse4.1, sse4.2, popcnt, lzcnt, tsc, tscinvbit, avx, avx2, aes, clmul, bmi1, bmi2, adx, sha, fma, vzeroupper, clflush, clflushopt, hv

Memory: 4k page, system-wide physical 15741M (2667M free)
TotalPageFile size 15741M (AvailPageFile size 155M)
current process WorkingSet (physical memory assigned to process): 10M, peak: 10M
current process commit charge ("private bytes"): 64M, peak: 310M

vm_info: Java HotSpot(TM) 64-Bit Server VM (18.0.2.1+1-1) for windows-amd64 JRE (18.0.2.1+1-1), built on Aug 16 2022 01:46:33 by "mach5one" with MS VC++ 16.8 / 16.9 (VS2019)

END.
